Using pre-set license
Built from '2020.3/staging' branch; Version is '2020.3.26f1 (7298b473bc1a) revision 7510196'; Using compiler version '192528614'; Build Type 'Release'
OS: 'Windows 11  (10.0.22000) 64bit Core' Language: 'en' Physical Memory: 16150 MB
BatchMode: 1, IsHumanControllingUs: 0, StartBugReporterOnCrash: 0, Is64bit: 1, IsPro: 0

COMMAND LINE ARGUMENTS:
C:\Program Files\Unity 2020.3.26f1\Editor\Unity.exe
-adb2
-batchMode
-noUpm
-name
AssetImportWorker0
-projectPath
C:/source/SpaceSquadUrsa
-logFile
Logs/AssetImportWorker0.log
-srvPort
61234
Successfully changed project path to: C:/source/SpaceSquadUrsa
C:/source/SpaceSquadUrsa
Using Asset Import Pipeline V2.
Refreshing native plugins compatible for Editor in 21.02 ms, found 2 plugins.
Preloading 0 native plugins for Editor in 0.00 ms.
Initialize engine version: 2020.3.26f1 (7298b473bc1a)
[Subsystems] Discovering subsystems at path C:/Program Files/Unity 2020.3.26f1/Editor/Data/Resources/UnitySubsystems
[Subsystems] Discovering subsystems at path C:/source/SpaceSquadUrsa/Assets
GfxDevice: creating device client; threaded=0
Direct3D:
    Version:  Direct3D 11.0 [level 11.1]
    Renderer: Radeon(TM) RX 550 (ID=0x699f)
    Vendor:   
    VRAM:     2028 MB
    Driver:   30.0.13026.3
Initialize mono
Mono path[0] = 'C:/Program Files/Unity 2020.3.26f1/Editor/Data/Managed'
Mono path[1] = 'C:/Program Files/Unity 2020.3.26f1/Editor/Data/MonoBleedingEdge/lib/mono/unityjit'
Mono config path = 'C:/Program Files/Unity 2020.3.26f1/Editor/Data/MonoBleedingEdge/etc'
Using monoOptions --debugger-agent=transport=dt_socket,embedding=1,server=y,suspend=n,address=127.0.0.1:56024
Begin MonoManager ReloadAssembly
Registering precompiled unity dll's ...
Register platform support module: C:/Program Files/Unity 2020.3.26f1/Editor/Data/PlaybackEngines/WebGLSupport/UnityEditor.WebGL.Extensions.dll
Register platform support module: C:/Program Files/Unity 2020.3.26f1/Editor/Data/PlaybackEngines/WindowsStandaloneSupport/UnityEditor.WindowsStandalone.Extensions.dll
Registered in 0.001539 seconds.
Native extension for WindowsStandalone target not found
Native extension for WebGL target not found
Refreshing native plugins compatible for Editor in 21.06 ms, found 2 plugins.
Preloading 0 native plugins for Editor in 0.00 ms.
Mono: successfully reloaded assembly
- Completed reload, in  0.386 seconds
Domain Reload Profiling:
	ReloadAssembly (386ms)
		BeginReloadAssembly (43ms)
			ExecutionOrderSort (0ms)
			DisableScriptedObjects (0ms)
			BackupInstance (0ms)
			ReleaseScriptingObjects (0ms)
			CreateAndSetChildDomain (1ms)
		EndReloadAssembly (292ms)
			LoadAssemblies (42ms)
			RebuildTransferFunctionScriptingTraits (0ms)
			SetupTypeCache (89ms)
			ReleaseScriptCaches (0ms)
			RebuildScriptCaches (26ms)
			SetupLoadedEditorAssemblies (110ms)
				LogAssemblyErrors (0ms)
				InitializePlatformSupportModulesInManaged (4ms)
				SetLoadedEditorAssemblies (0ms)
				RefreshPlugins (21ms)
				BeforeProcessingInitializeOnLoad (12ms)
				ProcessInitializeOnLoadAttributes (57ms)
				ProcessInitializeOnLoadMethodAttributes (17ms)
				AfterProcessingInitializeOnLoad (0ms)
				EditorAssembliesLoaded (0ms)
			ExecutionOrderSort2 (0ms)
			AwakeInstancesAfterBackupRestoration (0ms)
Platform modules already initialized, skipping
Registering precompiled user dll's ...
Registered in 0.003109 seconds.
Begin MonoManager ReloadAssembly
Native extension for WindowsStandalone target not found
Native extension for WebGL target not found
Refreshing native plugins compatible for Editor in 0.23 ms, found 2 plugins.
Preloading 0 native plugins for Editor in 0.00 ms.
Mono: successfully reloaded assembly
- Completed reload, in  0.663 seconds
Domain Reload Profiling:
	ReloadAssembly (664ms)
		BeginReloadAssembly (103ms)
			ExecutionOrderSort (0ms)
			DisableScriptedObjects (3ms)
			BackupInstance (0ms)
			ReleaseScriptingObjects (0ms)
			CreateAndSetChildDomain (24ms)
		EndReloadAssembly (521ms)
			LoadAssemblies (57ms)
			RebuildTransferFunctionScriptingTraits (0ms)
			SetupTypeCache (179ms)
			ReleaseScriptCaches (0ms)
			RebuildScriptCaches (32ms)
			SetupLoadedEditorAssemblies (200ms)
				LogAssemblyErrors (0ms)
				InitializePlatformSupportModulesInManaged (4ms)
				SetLoadedEditorAssemblies (0ms)
				RefreshPlugins (0ms)
				BeforeProcessingInitializeOnLoad (57ms)
				ProcessInitializeOnLoadAttributes (129ms)
				ProcessInitializeOnLoadMethodAttributes (5ms)
				AfterProcessingInitializeOnLoad (4ms)
				EditorAssembliesLoaded (0ms)
			ExecutionOrderSort2 (0ms)
			AwakeInstancesAfterBackupRestoration (4ms)
Platform modules already initialized, skipping
========================================================================
Worker process is ready to serve import requests
Launched and connected shader compiler UnityShaderCompiler.exe after 0.05 seconds
Refreshing native plugins compatible for Editor in 0.26 ms, found 2 plugins.
Preloading 0 native plugins for Editor in 0.00 ms.
Unloading 1503 Unused Serialized files (Serialized files now loaded: 0)
System memory in use before: 67.5 MB.
System memory in use after: 67.5 MB.

Unloading 19 unused Assets to reduce memory usage. Loaded Objects now: 1935.
Total: 1.722100 ms (FindLiveObjects: 0.108500 ms CreateObjectMapping: 0.041100 ms MarkObjects: 1.521400 ms  DeleteObjects: 0.050400 ms)

AssetImportParameters requested are different than current active one (requested -> active):
  custom:framework-win-MediaFoundation: 216162199b28c13a410421893ffa2e32 -> 
  custom:video-decoder-ogg-theora: a1e56fd34408186e4bbccfd4996cb3dc -> 
  custom:container-muxer-webm: aa71ff27fc2769a1b78a27578f13a17b -> 
  custom:container-demuxer-webm: 4f35f7cbe854078d1ac9338744f61a02 -> 
  custom:container-demuxer-ogg: 62fdf1f143b41e24485cea50d1cbac27 -> 
  custom:video-encoder-webm-vp8: eb34c28f22e8b96e1ab97ce403110664 -> 
  custom:video-decoder-webm-vp8: 9c59270c3fd7afecdb556c50c9e8de78 -> 
  custom:audio-decoder-ogg-vorbis: bf7c407c2cedff20999df2af8eb42d56 -> 
  custom:audio-encoder-webm-vorbis: bf7c407c2cedff20999df2af8eb42d56 -> 
========================================================================
Received Import Request.
  path: Assets/Scenes
  artifactKey: Guid(319e344f0e7401a49b97c050a5fefc8e) Importer(815301076,1909f56bfc062723c751e8b465ee728b)
Start importing Assets/Scenes using Guid(319e344f0e7401a49b97c050a5fefc8e) Importer(815301076,1909f56bfc062723c751e8b465ee728b)  -> (artifact id: '9d17a2c008dc1e974730cc6c0e5792eb') in 0.003472 seconds 
  Import took 0.005017 seconds .

========================================================================
Received Import Request.
  Time since last request: 0.000363 seconds.
  path: Assets/Scenes/SampleScene.unity
  artifactKey: Guid(9fc0d4010bbf28b4594072e72b8655ab) Importer(815301076,1909f56bfc062723c751e8b465ee728b)
Start importing Assets/Scenes/SampleScene.unity using Guid(9fc0d4010bbf28b4594072e72b8655ab) Importer(815301076,1909f56bfc062723c751e8b465ee728b)  -> (artifact id: '85059f4f9e1a832ed95adaa0d25c5c4c') in 0.012783 seconds 
  Import took 0.014552 seconds .

========================================================================
Received Import Request.
  Time since last request: 13.641709 seconds.
  path: Assets/Scenes/MyGame.unity
  artifactKey: Guid(9fc0d4010bbf28b4594072e72b8655ab) Importer(815301076,1909f56bfc062723c751e8b465ee728b)
Start importing Assets/Scenes/MyGame.unity using Guid(9fc0d4010bbf28b4594072e72b8655ab) Importer(815301076,1909f56bfc062723c751e8b465ee728b)  -> (artifact id: '816255c0360a9bb50bc60cfb2e587e46') in 0.001840 seconds 
  Import took 0.003543 seconds .

========================================================================
Received Import Request.
  Time since last request: 194.047024 seconds.
  path: Assets
  artifactKey: Guid(00000000000000001000000000000000) Importer(815301076,1909f56bfc062723c751e8b465ee728b)
Start importing Assets using Guid(00000000000000001000000000000000) Importer(815301076,1909f56bfc062723c751e8b465ee728b)  -> (artifact id: '42d402b061de3733987d63b9cc3b64de') in 0.002031 seconds 
  Import took 0.004640 seconds .

========================================================================
Received Import Request.
  Time since last request: 8.457522 seconds.
  path: Assets/Materials
  artifactKey: Guid(ee448450c9d175a48bcfbe7a536d543b) Importer(815301076,1909f56bfc062723c751e8b465ee728b)
Start importing Assets/Materials using Guid(ee448450c9d175a48bcfbe7a536d543b) Importer(815301076,1909f56bfc062723c751e8b465ee728b)  -> (artifact id: 'cbe09d615b43131ff506e4a02a467dfa') in 0.001731 seconds 
  Import took 0.003439 seconds .

========================================================================
Received Import Request.
  Time since last request: 9.261501 seconds.
  path: Assets/Materials/New Material.mat
  artifactKey: Guid(4a5240173e570c347b05ce07b6efaf41) Importer(815301076,1909f56bfc062723c751e8b465ee728b)
Start importing Assets/Materials/New Material.mat using Guid(4a5240173e570c347b05ce07b6efaf41) Importer(815301076,1909f56bfc062723c751e8b465ee728b)  -> (artifact id: '8244437f3d26ded307e616e5c169513f') in 0.074538 seconds 
  Import took 0.076587 seconds .

========================================================================
Received Import Request.
  Time since last request: 29.442825 seconds.
  path: Assets/Materials/Blue.mat
  artifactKey: Guid(4a5240173e570c347b05ce07b6efaf41) Importer(815301076,1909f56bfc062723c751e8b465ee728b)
Start importing Assets/Materials/Blue.mat using Guid(4a5240173e570c347b05ce07b6efaf41) Importer(815301076,1909f56bfc062723c751e8b465ee728b)  -> (artifact id: 'ba4d1c728b9f19b0987ec12cb624e051') in 0.015759 seconds 
  Import took 0.017884 seconds .

========================================================================
Received Import Request.
  Time since last request: 396.994838 seconds.
  path: Assets/Materials/New Material.mat
  artifactKey: Guid(34e0efc89e536354e8bc8d9224ee2125) Importer(815301076,1909f56bfc062723c751e8b465ee728b)
Start importing Assets/Materials/New Material.mat using Guid(34e0efc89e536354e8bc8d9224ee2125) Importer(815301076,1909f56bfc062723c751e8b465ee728b)  -> (artifact id: '276b2bc009ca9685ce88e3cdf533c378') in 0.014732 seconds 
  Import took 0.017166 seconds .

========================================================================
Received Import Request.
  Time since last request: 32.914182 seconds.
  path: Assets/Materials/Red.mat
  artifactKey: Guid(34e0efc89e536354e8bc8d9224ee2125) Importer(815301076,1909f56bfc062723c751e8b465ee728b)
Start importing Assets/Materials/Red.mat using Guid(34e0efc89e536354e8bc8d9224ee2125) Importer(815301076,1909f56bfc062723c751e8b465ee728b)  -> (artifact id: 'deda6352dfb78cead0b950027103b08d') in 0.012658 seconds 
  Import took 0.014972 seconds .

========================================================================
Received Import Request.
  Time since last request: 51.592592 seconds.
  path: Assets/Materials/Green.mat
  artifactKey: Guid(afb50ec1ebfa815429b7cc8f15a7018b) Importer(815301076,1909f56bfc062723c751e8b465ee728b)
Start importing Assets/Materials/Green.mat using Guid(afb50ec1ebfa815429b7cc8f15a7018b) Importer(815301076,1909f56bfc062723c751e8b465ee728b)  -> (artifact id: '3d5666364d3c29852f47e74b840cfd18') in 0.011471 seconds 
  Import took 0.013411 seconds .

========================================================================
Received Import Request.
  Time since last request: 48.335842 seconds.
  path: Assets/Materials/purple.mat
  artifactKey: Guid(1cad351b33129f848bb6d27a33308f75) Importer(815301076,1909f56bfc062723c751e8b465ee728b)
Start importing Assets/Materials/purple.mat using Guid(1cad351b33129f848bb6d27a33308f75) Importer(815301076,1909f56bfc062723c751e8b465ee728b)  -> (artifact id: 'eeff22f79017f398842dc6527ed37950') in 0.010327 seconds 
  Import took 0.012779 seconds .

========================================================================
Received Import Request.
  Time since last request: 26.769458 seconds.
  path: Assets/Materials/Purple.mat
  artifactKey: Guid(1cad351b33129f848bb6d27a33308f75) Importer(815301076,1909f56bfc062723c751e8b465ee728b)
Start importing Assets/Materials/Purple.mat using Guid(1cad351b33129f848bb6d27a33308f75) Importer(815301076,1909f56bfc062723c751e8b465ee728b)  -> (artifact id: '69869ee38b97950e49a98d2cbdd4696e') in 0.011810 seconds 
  Import took 0.014781 seconds .

========================================================================
Received Import Request.
  Time since last request: 104.247872 seconds.
  path: Assets/Materials/Green.mat
  artifactKey: Guid(afb50ec1ebfa815429b7cc8f15a7018b) Importer(815301076,1909f56bfc062723c751e8b465ee728b)
Start importing Assets/Materials/Green.mat using Guid(afb50ec1ebfa815429b7cc8f15a7018b) Importer(815301076,1909f56bfc062723c751e8b465ee728b)  -> (artifact id: '39a1afe995b3f78bf17d9879ff5400ed') in 0.012860 seconds 
  Import took 0.015215 seconds .

========================================================================
Received Import Request.
  Time since last request: 93.359885 seconds.
  path: Assets/Scenes/MyGame.unity
  artifactKey: Guid(9fc0d4010bbf28b4594072e72b8655ab) Importer(815301076,1909f56bfc062723c751e8b465ee728b)
Start importing Assets/Scenes/MyGame.unity using Guid(9fc0d4010bbf28b4594072e72b8655ab) Importer(815301076,1909f56bfc062723c751e8b465ee728b)  -> (artifact id: '8f0a8107174939c11ddb41a832740add') in 0.001726 seconds 
  Import took 0.003642 seconds .

AssetImportWorkerClient::OnTransportError - code=2 error=End of file
